08/22/2019 06:11:16 AM new Course insertted! Course id is x01JUY15zH9s9_lzjMlyuxG-g==
08/22/2019 06:12:53 AM Importing BmpImagePlugin
08/22/2019 06:12:53 AM Importing BufrStubImagePlugin
08/22/2019 06:12:53 AM Importing CurImagePlugin
08/22/2019 06:12:53 AM Importing DcxImagePlugin
08/22/2019 06:12:53 AM Importing DdsImagePlugin
08/22/2019 06:12:53 AM Importing EpsImagePlugin
08/22/2019 06:12:53 AM Importing FitsStubImagePlugin
08/22/2019 06:12:53 AM Importing FliImagePlugin
08/22/2019 06:12:53 AM Importing FpxImagePlugin
08/22/2019 06:12:53 AM Importing FtexImagePlugin
08/22/2019 06:12:53 AM Importing GbrImagePlugin
08/22/2019 06:12:53 AM Importing GifImagePlugin
08/22/2019 06:12:53 AM Importing GribStubImagePlugin
08/22/2019 06:12:53 AM Importing Hdf5StubImagePlugin
08/22/2019 06:12:53 AM Importing IcnsImagePlugin
08/22/2019 06:12:53 AM Importing IcoImagePlugin
08/22/2019 06:12:53 AM Importing ImImagePlugin
08/22/2019 06:12:53 AM Importing ImtImagePlugin
08/22/2019 06:12:53 AM Importing IptcImagePlugin
08/22/2019 06:12:53 AM Importing JpegImagePlugin
08/22/2019 06:12:53 AM Importing Jpeg2KImagePlugin
08/22/2019 06:12:53 AM Importing McIdasImagePlugin
08/22/2019 06:12:53 AM Importing MicImagePlugin
08/22/2019 06:12:53 AM Importing MpegImagePlugin
08/22/2019 06:12:53 AM Importing MpoImagePlugin
08/22/2019 06:12:53 AM Importing MspImagePlugin
08/22/2019 06:12:53 AM Importing PalmImagePlugin
08/22/2019 06:12:53 AM Importing PcdImagePlugin
08/22/2019 06:12:53 AM Importing PcxImagePlugin
08/22/2019 06:12:53 AM Importing PdfImagePlugin
08/22/2019 06:12:53 AM Importing PixarImagePlugin
08/22/2019 06:12:53 AM Importing PngImagePlugin
08/22/2019 06:12:53 AM Importing PpmImagePlugin
08/22/2019 06:12:53 AM Importing PsdImagePlugin
08/22/2019 06:12:53 AM Importing SgiImagePlugin
08/22/2019 06:12:53 AM Importing SpiderImagePlugin
08/22/2019 06:12:53 AM Importing SunImagePlugin
08/22/2019 06:12:53 AM Importing TgaImagePlugin
08/22/2019 06:12:53 AM Importing TiffImagePlugin
08/22/2019 06:12:53 AM Importing WebPImagePlugin
08/22/2019 06:12:53 AM Image: failed to import WebPImagePlugin: cannot import name '_webp'
08/22/2019 06:12:53 AM Importing WmfImagePlugin
08/22/2019 06:12:53 AM Importing XbmImagePlugin
08/22/2019 06:12:53 AM Importing XpmImagePlugin
08/22/2019 06:12:53 AM Importing XVThumbImagePlugin
